********************************************************************************
product = WebSphere Application Server 19.0.0.12 (wlp-1.0.35.cl191220191120-0300)
wlp.install.dir = /Users/jhlee/touchon/getstartedjava/target/liberty/wlp/
java.home = /Library/Java/JavaVirtualMachines/jdk1.8.0_221.jdk/Contents/Home/jre
java.version = 1.8.0_221
java.runtime = Java(TM) SE Runtime Environment (1.8.0_221-b11)
os = Mac OS X (10.15.1; x86_64) (ko_KR)
process = 9715@ijeonghcbookpro.kr.ibm.com
********************************************************************************
[1/15/20 11:14:52:414 KST] 00000001 com.ibm.ws.kernel.launch.internal.FrameworkManager           A CWWKE0001I: defaultServer 서버가 실행되었습니다.
[1/15/20 11:14:52:439 KST] 00000001 com.ibm.ws.kernel.launch.internal.FrameworkManager           A CWWKE0100I: 이 제품은 개발용 및 제한된 프로덕션용으로 라이센스 부여되었습니다. 전체 라이센스 이용 약관은 다음 위치에서 볼 수 있습니다: https://public.dhe.ibm.com/ibmdl/export/pub/software/websphere/wasdev/license/base_ilan/ilan/19.0.0.12/lafiles/ko.html
[1/15/20 11:14:53:197 KST] 00000001 com.ibm.ws.kernel.launch.internal.FrameworkManager           I CWWKE0002I: 커널이 1.046초 후에 시작됨
[1/15/20 11:14:53:240 KST] 00000028 com.ibm.ws.kernel.feature.internal.FeatureManager            I CWWKF0007I: 기능 업데이트가 시작되었습니다.
[1/15/20 11:14:54:447 KST] 00000020 com.ibm.ws.annocache.service                                 I OSGi Work Path [ /Users/jhlee/touchon/getstartedjava/target/liberty/wlp/usr/servers/defaultServer/workarea/org.eclipse.osgi/42/data ]
[1/15/20 11:14:54:526 KST] 0000001d com.ibm.ws.app.manager.internal.monitor.DropinMonitor        A CWWKZ0058I: 애플리케이션에 대해 dropins을(를) 모니터하는 중입니다.
[1/15/20 11:14:54:608 KST] 0000002e com.ibm.ws.tcpchannel.internal.TCPPort                       E CWWKO0221E: defaultHttpEndpoint TCP 채널 초기화가 실패했습니다. 호스트 * 및 포트 9080에 대한 소켓 바인드에 실패했습니다. 해당 포트가 이미 사용 중일 수 있습니다. 예외 메시지: Address already in use
[1/15/20 11:14:55:330 KST] 00000034 com.ibm.ws.app.manager.AppMessageHelper                      I CWWKZ0018I: 애플리케이션 javalibertymicroservice-1.0-SNAPSHOT을(를) 시작하는 중입니다.
[1/15/20 11:14:55:332 KST] 00000034 bm.ws.app.manager.war.internal.WARDeployedAppInfoFactoryImpl I CWWKZ0133I: /Users/jhlee/touchon/getstartedjava/target/liberty/wlp/usr/servers/defaultServer/apps/javalibertymicroservice-1.0-SNAPSHOT.war 위치의 javalibertymicroservice-1.0-SNAPSHOT 애플리케이션을 /Users/jhlee/touchon/getstartedjava/target/liberty/wlp/usr/servers/defaultServer/apps/expanded/javalibertymicroservice-1.0-SNAPSHOT.war 디렉토리에 펼치고 있습니다.
[1/15/20 11:14:56:133 KST] 00000034 org.jboss.weld.Version                                       I WELD-000900: 2.4.8 (Final)
[1/15/20 11:14:56:616 KST] 00000034 com.ibm.ws.session.WASSessionCore                            I SESN8501I: 세션 관리자가 지속적 스토리지 위치를 찾지 못했습니다. HttpSession 오브젝트가 로컬 애플리케이션 서버의 메모리에 저장됩니다.
[1/15/20 11:14:56:629 KST] 00000034 com.ibm.ws.webcontainer.osgi.webapp.WebGroup                 I SRVE0169I: 웹 모듈 로드 중: javalibertymicroservice-1.0-SNAPSHOT.
[1/15/20 11:14:56:632 KST] 00000034 com.ibm.ws.webcontainer                                      I SRVE0250I: 웹 모듈 javalibertymicroservice-1.0-SNAPSHOT이(가) default_host에 바인드되었습니다.
[1/15/20 11:14:56:639 KST] 00000034 com.ibm.ws.app.manager.AppMessageHelper                      A CWWKZ0001I: 1.309초 후에 애플리케이션 javalibertymicroservice-1.0-SNAPSHOT이(가) 시작됩니다.
[1/15/20 11:14:56:676 KST] 00000028 com.ibm.ws.kernel.feature.internal.FeatureManager            A CWWKF0012I: 서버가 다음 기능을 설치했습니다. [beanValidation-1.1, cdi-1.2, ejbLite-3.2, el-3.0, jaxrs-2.0, jaxrsClient-2.0, jdbc-4.1, jndi-1.0, jpa-2.1, jpaContainer-2.1, jsf-2.2, json-1.0, jsonp-1.0, jsp-2.3, managedBeans-1.0, servlet-3.1, websocket-1.1].
[1/15/20 11:14:56:677 KST] 00000028 com.ibm.ws.kernel.feature.internal.FeatureManager            I CWWKF0008I: 기능 업데이트가 3.481초 후에 완료되었습니다.
[1/15/20 11:14:56:677 KST] 00000028 com.ibm.ws.kernel.feature.internal.FeatureManager            A CWWKF0011I: defaultServer 서버가 스마터 플래닛을 실행할 준비가 되었습니다. defaultServer 서버가 4.527초 후에 시작됩니다.
[1/15/20 11:14:56:691 KST] 00000042 com.ibm.ws.session.WASSessionCore                            I SESN0176I: default_host/ 애플리케이션 키에 대한 새 세션 컨텍스트가 작성됩니다.
[1/15/20 11:14:56:705 KST] 00000042 com.ibm.ws.util                                              I SESN0172I: 세션 관리자가 세션 ID 생성을 위해 Java 기본 SecureRandom 구현을 사용 중입니다.
[1/15/20 11:14:56:888 KST] 00000043 com.ibm.ws.webcontainer.osgi.mbeans.PluginGenerator          I SRVE9103I: 웹 서버 플러그인의 구성 파일이 /Users/jhlee/touchon/getstartedjava/target/liberty/wlp/usr/servers/defaultServer/logs/state/plugin-cfg.xml에서 이 서버에 대해 자동으로 생성되었습니다.
[1/15/20 11:14:57:160 KST] 00000019 com.ibm.ws.kernel.launch.internal.ServerCommandListener      A CWWKE0055I: Wednesday, January 15, 2020 11:14 AM에 서버 종료가 요청되었습니다. defaultServer 서버가 시스템 종료됩니다.
[1/15/20 11:14:57:163 KST] 00000047 com.ibm.ws.runtime.update.internal.RuntimeUpdateManagerImpl  A CWWKE1100I: 서버가 일시정지될 때까지 최대 30초를 대기 중입니다.
[1/15/20 11:14:57:168 KST] 00000047 com.ibm.ws.runtime.update.internal.RuntimeUpdateManagerImpl  I CWWKE1101I: 서버 작업 정지가 완료되었습니다.
[1/15/20 11:14:57:205 KST] 0000004f com.ibm.ws.app.manager.AppMessageHelper                      A CWWKZ0009I: javalibertymicroservice-1.0-SNAPSHOT 애플리케이션이 중지되었습니다.
[1/15/20 11:14:57:541 KST] 00000001 com.ibm.ws.kernel.launch.internal.FrameworkManager           A CWWKE0036I: defaultServer 서버가 5.391초 후에 중지되었습니다.
